28-Oct-2020 21:36:11.591 INFO [main] org.apache.catalina.startup.VersionLoggerListener.log Server version name:   Apache Tomcat/9.0.39
28-Oct-2020 21:36:11.596 INFO [main] org.apache.catalina.startup.VersionLoggerListener.log Server built:          Oct 6 2020 14:11:46 UTC
28-Oct-2020 21:36:11.597 INFO [main] org.apache.catalina.startup.VersionLoggerListener.log Server version number: 9.0.39.0
28-Oct-2020 21:36:11.597 INFO [main] org.apache.catalina.startup.VersionLoggerListener.log OS Name:               Mac OS X
28-Oct-2020 21:36:11.597 INFO [main] org.apache.catalina.startup.VersionLoggerListener.log OS Version:            10.15.7
28-Oct-2020 21:36:11.597 INFO [main] org.apache.catalina.startup.VersionLoggerListener.log Architecture:          x86_64
28-Oct-2020 21:36:11.597 INFO [main] org.apache.catalina.startup.VersionLoggerListener.log Java Home:             /Library/Java/JavaVirtualMachines/jdk-11.0.8.jdk/Contents/Home
28-Oct-2020 21:36:11.597 INFO [main] org.apache.catalina.startup.VersionLoggerListener.log JVM Version:           11.0.8+10-LTS
28-Oct-2020 21:36:11.597 INFO [main] org.apache.catalina.startup.VersionLoggerListener.log JVM Vendor:            Oracle Corporation
28-Oct-2020 21:36:11.598 INFO [main] org.apache.catalina.startup.VersionLoggerListener.log CATALINA_BASE:         /Users/mario/Desktop/IES/Lab2_93430/lab2.1/apache-tomcat-9.0.39
28-Oct-2020 21:36:11.598 INFO [main] org.apache.catalina.startup.VersionLoggerListener.log CATALINA_HOME:         /Users/mario/Desktop/IES/Lab2_93430/lab2.1/apache-tomcat-9.0.39
28-Oct-2020 21:36:11.645 INFO [main] org.apache.catalina.startup.VersionLoggerListener.log Command line argument: --add-opens=java.base/java.lang=ALL-UNNAMED
28-Oct-2020 21:36:11.646 INFO [main] org.apache.catalina.startup.VersionLoggerListener.log Command line argument: --add-opens=java.base/java.io=ALL-UNNAMED
28-Oct-2020 21:36:11.646 INFO [main] org.apache.catalina.startup.VersionLoggerListener.log Command line argument: --add-opens=java.rmi/sun.rmi.transport=ALL-UNNAMED
28-Oct-2020 21:36:11.646 INFO [main] org.apache.catalina.startup.VersionLoggerListener.log Command line argument: -Djava.util.logging.config.file=/Users/mario/Desktop/IES/Lab2_93430/lab2.1/apache-tomcat-9.0.39/conf/logging.properties
28-Oct-2020 21:36:11.646 INFO [main] org.apache.catalina.startup.VersionLoggerListener.log Command line argument: -Djava.util.logging.manager=org.apache.juli.ClassLoaderLogManager
28-Oct-2020 21:36:11.646 INFO [main] org.apache.catalina.startup.VersionLoggerListener.log Command line argument: -Djdk.tls.ephemeralDHKeySize=2048
28-Oct-2020 21:36:11.647 INFO [main] org.apache.catalina.startup.VersionLoggerListener.log Command line argument: -Djava.protocol.handler.pkgs=org.apache.catalina.webresources
28-Oct-2020 21:36:11.647 INFO [main] org.apache.catalina.startup.VersionLoggerListener.log Command line argument: -Dorg.apache.catalina.security.SecurityListener.UMASK=0027
28-Oct-2020 21:36:11.647 INFO [main] org.apache.catalina.startup.VersionLoggerListener.log Command line argument: -Dignore.endorsed.dirs=
28-Oct-2020 21:36:11.647 INFO [main] org.apache.catalina.startup.VersionLoggerListener.log Command line argument: -Dcatalina.base=/Users/mario/Desktop/IES/Lab2_93430/lab2.1/apache-tomcat-9.0.39
28-Oct-2020 21:36:11.647 INFO [main] org.apache.catalina.startup.VersionLoggerListener.log Command line argument: -Dcatalina.home=/Users/mario/Desktop/IES/Lab2_93430/lab2.1/apache-tomcat-9.0.39
28-Oct-2020 21:36:11.647 INFO [main] org.apache.catalina.startup.VersionLoggerListener.log Command line argument: -Djava.io.tmpdir=/Users/mario/Desktop/IES/Lab2_93430/lab2.1/apache-tomcat-9.0.39/temp
28-Oct-2020 21:36:11.651 INFO [main] org.apache.catalina.core.AprLifecycleListener.lifecycleEvent The Apache Tomcat Native library which allows using OpenSSL was not found on the java.library.path: [/Users/mario/Library/Java/Extensions:/Library/Java/Extensions:/Network/Library/Java/Extensions:/System/Library/Java/Extensions:/usr/lib/java:.]
28-Oct-2020 21:36:12.068 INFO [main] org.apache.coyote.AbstractProtocol.init Initializing ProtocolHandler ["http-nio-8080"]
28-Oct-2020 21:36:12.136 INFO [main] org.apache.catalina.startup.Catalina.load Server initialization in [829] milliseconds
28-Oct-2020 21:36:12.206 INFO [main] org.apache.catalina.core.StandardService.startInternal Starting service [Catalina]
28-Oct-2020 21:36:12.206 INFO [main] org.apache.catalina.core.StandardEngine.startInternal Starting Servlet engine: [Apache Tomcat/9.0.39]
28-Oct-2020 21:36:12.230 INFO [main] org.apache.catalina.startup.HostConfig.deployWAR Deploying web application archive [/Users/mario/Desktop/IES/Lab2_93430/lab2.1/apache-tomcat-9.0.39/webapps/webapp-javaee7-1.1.war]
28-Oct-2020 21:36:12.605 INFO [main] org.apache.catalina.startup.HostConfig.deployWAR Deployment of web application archive [/Users/mario/Desktop/IES/Lab2_93430/lab2.1/apache-tomcat-9.0.39/webapps/webapp-javaee7-1.1.war] has finished in [375] ms
28-Oct-2020 21:36:12.606 INFO [main] org.apache.catalina.startup.HostConfig.deployDirectory Deploying web application directory [/Users/mario/Desktop/IES/Lab2_93430/lab2.1/apache-tomcat-9.0.39/webapps/docs]
28-Oct-2020 21:36:12.633 INFO [main] org.apache.catalina.startup.HostConfig.deployDirectory Deployment of web application directory [/Users/mario/Desktop/IES/Lab2_93430/lab2.1/apache-tomcat-9.0.39/webapps/docs] has finished in [27] ms
28-Oct-2020 21:36:12.634 INFO [main] org.apache.catalina.startup.HostConfig.deployDirectory Deploying web application directory [/Users/mario/Desktop/IES/Lab2_93430/lab2.1/apache-tomcat-9.0.39/webapps/manager]
28-Oct-2020 21:36:12.702 INFO [main] org.apache.catalina.startup.HostConfig.deployDirectory Deployment of web application directory [/Users/mario/Desktop/IES/Lab2_93430/lab2.1/apache-tomcat-9.0.39/webapps/manager] has finished in [68] ms
28-Oct-2020 21:36:12.702 INFO [main] org.apache.catalina.startup.HostConfig.deployDirectory Deploying web application directory [/Users/mario/Desktop/IES/Lab2_93430/lab2.1/apache-tomcat-9.0.39/webapps/examples]
28-Oct-2020 21:36:13.059 INFO [main] org.apache.catalina.startup.HostConfig.deployDirectory Deployment of web application directory [/Users/mario/Desktop/IES/Lab2_93430/lab2.1/apache-tomcat-9.0.39/webapps/examples] has finished in [357] ms
28-Oct-2020 21:36:13.059 INFO [main] org.apache.catalina.startup.HostConfig.deployDirectory Deploying web application directory [/Users/mario/Desktop/IES/Lab2_93430/lab2.1/apache-tomcat-9.0.39/webapps/ROOT]
28-Oct-2020 21:36:13.083 INFO [main] org.apache.catalina.startup.HostConfig.deployDirectory Deployment of web application directory [/Users/mario/Desktop/IES/Lab2_93430/lab2.1/apache-tomcat-9.0.39/webapps/ROOT] has finished in [23] ms
28-Oct-2020 21:36:13.083 INFO [main] org.apache.catalina.startup.HostConfig.deployDirectory Deploying web application directory [/Users/mario/Desktop/IES/Lab2_93430/lab2.1/apache-tomcat-9.0.39/webapps/host-manager]
28-Oct-2020 21:36:13.107 INFO [main] org.apache.catalina.startup.HostConfig.deployDirectory Deployment of web application directory [/Users/mario/Desktop/IES/Lab2_93430/lab2.1/apache-tomcat-9.0.39/webapps/host-manager] has finished in [24] ms
28-Oct-2020 21:36:13.113 INFO [main] org.apache.coyote.AbstractProtocol.start Starting ProtocolHandler ["http-nio-8080"]
28-Oct-2020 21:36:13.123 INFO [main] org.apache.catalina.startup.Catalina.start Server startup in [986] milliseconds
